<?xml version="1.0" encoding="UTF-8"?>
<testng-results ignored="0" total="2" passed="2" failed="0" skipped="0">
  <reporter-output>
  </reporter-output>
  <suite started-at="2022-03-22T23:28:53 IST" name="Default suite" finished-at="2022-03-22T23:28:57 IST" duration-ms="4902">
    <groups>
    </groups>
    <test started-at="2022-03-22T23:28:53 IST" name="Default test" finished-at="2022-03-22T23:28:57 IST" duration-ms="4902">
      <class name="Tests.googleTest">
        <test-method is-config="true" signature="launchBrowser()[pri:0, instance:Tests.googleTest@48fa0f47]" started-at="2022-03-22T23:28:49 IST" name="launchBrowser" finished-at="2022-03-22T23:28:53 IST" duration-ms="3946" status="PASS">
          <reporter-output>
          </reporter-output>
        </test-method> <!-- launchBrowser -->
        <test-method signature="launchGoogle()[pri:1, instance:Tests.googleTest@48fa0f47]" started-at="2022-03-22T23:28:53 IST" name="launchGoogle" finished-at="2022-03-22T23:28:55 IST" duration-ms="2368" status="PASS">
          <reporter-output>
          </reporter-output>
        </test-method> <!-- launchGoogle -->
        <test-method signature="searchGoogle()[pri:2, instance:Tests.googleTest@48fa0f47]" started-at="2022-03-22T23:28:55 IST" name="searchGoogle" finished-at="2022-03-22T23:28:57 IST" duration-ms="2484" status="PASS">
          <reporter-output>
          </reporter-output>
        </test-method> <!-- searchGoogle -->
        <test-method is-config="true" signature="shutdownBrowser()[pri:0, instance:Tests.googleTest@48fa0f47]" started-at="2022-03-22T23:28:58 IST" name="shutdownBrowser" finished-at="2022-03-22T23:29:01 IST" duration-ms="3857" status="PASS">
          <reporter-output>
          </reporter-output>
        </test-method> <!-- shutdownBrowser -->
      </class> <!-- Tests.googleTest -->
    </test> <!-- Default test -->
  </suite> <!-- Default suite -->
</testng-results>
