<?xml version="1.0" encoding="UTF-8"?>
<testng-results ignored="0" total="2" passed="2" failed="0" skipped="0">
  <reporter-output>
  </reporter-output>
  <suite started-at="2022-03-22T23:33:10 IST" name="GoogleTestSuite" finished-at="2022-03-22T23:33:16 IST" duration-ms="5547">
    <groups>
    </groups>
    <test started-at="2022-03-22T23:33:10 IST" name="Test" finished-at="2022-03-22T23:33:16 IST" duration-ms="5547">
      <class name="Tests.googleTest">
        <test-method is-config="true" signature="launchBrowser()[pri:0, instance:Tests.googleTest@48fa0f47]" started-at="2022-03-22T23:33:06 IST" name="launchBrowser" finished-at="2022-03-22T23:33:10 IST" duration-ms="3926" status="PASS">
          <reporter-output>
          </reporter-output>
        </test-method> <!-- launchBrowser -->
        <test-method signature="launchGoogle()[pri:1, instance:Tests.googleTest@48fa0f47]" started-at="2022-03-22T23:33:10 IST" name="launchGoogle" finished-at="2022-03-22T23:33:13 IST" duration-ms="2472" status="PASS">
          <reporter-output>
          </reporter-output>
        </test-method> <!-- launchGoogle -->
        <test-method signature="searchGoogle()[pri:2, instance:Tests.googleTest@48fa0f47]" started-at="2022-03-22T23:33:13 IST" name="searchGoogle" finished-at="2022-03-22T23:33:16 IST" duration-ms="3020" status="PASS">
          <reporter-output>
          </reporter-output>
        </test-method> <!-- searchGoogle -->
        <test-method is-config="true" signature="shutdownBrowser()[pri:0, instance:Tests.googleTest@48fa0f47]" started-at="2022-03-22T23:33:16 IST" name="shutdownBrowser" finished-at="2022-03-22T23:33:20 IST" duration-ms="3867" status="PASS">
          <reporter-output>
          </reporter-output>
        </test-method> <!-- shutdownBrowser -->
      </class> <!-- Tests.googleTest -->
    </test> <!-- Test -->
  </suite> <!-- GoogleTestSuite -->
</testng-results>
